2015-Aug-25 14:46:33 +0700 Arie-PC INFO [zenpresfe.handler] - zenpresfe started successfully
2015-Aug-25 15:06:20 +0700 Arie-PC INFO [zenpresfe.handler] - zenpresfe is shutting down...
2015-Aug-25 15:06:20 +0700 Arie-PC INFO [zenpresfe.handler] - shutdown complete!
2015-Aug-25 15:07:03 +0700 Arie-PC INFO [zenpresfe.handler] - zenpresfe started successfully
2015-Aug-25 15:16:37 +0700 Arie-PC INFO [zenpresfe.handler] - zenpresfe started successfully
2015-Aug-26 16:03:48 +0700 Arie-PC INFO [zenpresfe.handler] - zenpresfe started successfully
2015-Aug-26 18:12:55 +0700 Arie-PC INFO [zenpresfe.handler] - zenpresfe started successfully
2015-Aug-26 19:40:57 +0700 Arie-PC INFO [zenpresfe.handler] - zenpresfe is shutting down...
2015-Aug-26 19:40:58 +0700 Arie-PC INFO [zenpresfe.handler] - shutdown complete!
2015-Aug-26 19:41:47 +0700 Arie-PC INFO [zenpresfe.handler] - zenpresfe started successfully
2015-Aug-26 19:48:41 +0700 Arie-PC INFO [zenpresfe.handler] - zenpresfe started successfully
2015-Aug-26 20:34:44 +0700 Arie-PC INFO [zenpresfe.handler] - zenpresfe is shutting down...
2015-Aug-26 20:34:47 +0700 Arie-PC INFO [zenpresfe.handler] - shutdown complete!
2015-Aug-26 20:35:30 +0700 Arie-PC INFO [zenpresfe.handler] - zenpresfe started successfully
2015-Aug-26 20:52:43 +0700 Arie-PC INFO [zenpresfe.handler] - zenpresfe started successfully
2015-Aug-26 21:12:04 +0700 Arie-PC INFO [zenpresfe.handler] - zenpresfe started successfully
2015-Aug-28 17:13:54 +0700 Arie-PC INFO [zenpresfe.handler] - zenpresfe started successfully
2015-Aug-28 18:14:34 +0700 Arie-PC INFO [zenpresfe.handler] - zenpresfe is shutting down...
2015-Aug-28 18:14:35 +0700 Arie-PC INFO [zenpresfe.handler] - shutdown complete!
2015-Aug-28 18:15:23 +0700 Arie-PC INFO [zenpresfe.handler] - zenpresfe started successfully
2015-Aug-28 18:17:34 +0700 Arie-PC INFO [zenpresfe.handler] - zenpresfe started successfully
2015-Sep-01 03:15:12 +0700 Arie-PC INFO [zenpresfe.handler] - zenpresfe started successfully
2015-Sep-01 03:21:12 +0700 Arie-PC INFO [zenpresfe.handler] - zenpresfe started successfully
2015-Sep-01 03:25:15 +0700 Arie-PC INFO [zenpresfe.handler] - zenpresfe started successfully
2015-Sep-01 04:22:04 +0700 Arie-PC INFO [zenpresfe.handler] - zenpresfe is shutting down...
2015-Sep-01 04:22:04 +0700 Arie-PC INFO [zenpresfe.handler] - shutdown complete!
2015-Sep-01 04:22:42 +0700 Arie-PC INFO [zenpresfe.handler] - zenpresfe started successfully
2015-Sep-01 14:15:40 +0700 Arie-PC INFO [zenpresfe.handler] - zenpresfe started successfully
2015-Sep-01 14:22:06 +0700 Arie-PC INFO [zenpresfe.handler] - zenpresfe started successfully
2015-Sep-01 14:29:24 +0700 Arie-PC INFO [zenpresfe.handler] - zenpresfe started successfully
2015-Sep-01 14:57:34 +0700 Arie-PC INFO [zenpresfe.handler] - zenpresfe started successfully
2015-Sep-01 15:08:05 +0700 Arie-PC INFO [zenpresfe.handler] - zenpresfe started successfully
2015-Sep-02 12:08:09 +0700 Arie-PC INFO [zenpresfe.handler] - zenpresfe started successfully
2015-Sep-03 13:55:29 +0700 Arie-PC INFO [zenpresfe.handler] - zenpresfe started successfully
2015-Sep-04 15:18:01 +0700 Arie-PC INFO [zenpresfe.handler] - zenpresfe started successfully
